<?xml version="1.0" encoding="UTF-8"?>
<testng-results skipped="0" failed="0" total="1" passed="1">
  <reporter-output>
  </reporter-output>
  <suite name="Suite" duration-ms="52157" started-at="2015-09-01T05:19:51Z" finished-at="2015-09-01T05:20:43Z">
    <groups>
    </groups>
    <test name="Test" duration-ms="52157" started-at="2015-09-01T05:19:51Z" finished-at="2015-09-01T05:20:43Z">
      <class name="com.capgemini.script.NewTest">
        <test-method status="PASS" signature="beforeTest()[pri:0, instance:com.capgemini.script.NewTest@1c14f68]" name="beforeTest" is-config="true" duration-ms="30589" started-at="2015-09-01T10:49:51Z" finished-at="2015-09-01T10:50:22Z">
          <reporter-output>
          </reporter-output>
        </test-method> <!-- beforeTest -->
        <test-method status="PASS" signature="SearchBook()[pri:0, instance:com.capgemini.script.NewTest@1c14f68]" name="SearchBook" duration-ms="16651" started-at="2015-09-01T10:50:22Z" finished-at="2015-09-01T10:50:38Z">
          <reporter-output>
          </reporter-output>
        </test-method> <!-- SearchBook -->
        <test-method status="PASS" signature="afterTest()[pri:0, instance:com.capgemini.script.NewTest@1c14f68]" name="afterTest" is-config="true" duration-ms="4917" started-at="2015-09-01T10:50:38Z" finished-at="2015-09-01T10:50:43Z">
          <reporter-output>
          </reporter-output>
        </test-method> <!-- afterTest -->
      </class> <!-- com.capgemini.script.NewTest -->
    </test> <!-- Test -->
  </suite> <!-- Suite -->
</testng-results>
